This is pdfTeX, Version 3.14159265-2.6-1.40.16 (Web2C 2015) (preloaded format=pdflatex 2021.2.25)  11 AUG 2021 21:46
entering extended mode
 restricted \write18 enabled.
 %&-line parsing enabled.
**metropsf.tex
(./metropsf.tex
LaTeX2e <2015/01/01> patch level 2
Babel <3.9l> and hyphenation patterns for 79 languages loaded.
(/usr/local/share/texmf-dist/tex/latex/base/article.cls
Document Class: article 2014/09/29 v1.4h Standard LaTeX document class
(/usr/local/share/texmf-dist/tex/latex/base/size10.clo
File: size10.clo 2014/09/29 v1.4h Standard LaTeX file (size option)
)
\c@part=\count79
\c@section=\count80
\c@subsection=\count81
\c@subsubsection=\count82
\c@paragraph=\count83
\c@subparagraph=\count84
\c@figure=\count85
\c@table=\count86
\abovecaptionskip=\skip41
\belowcaptionskip=\skip42
\bibindent=\dimen102
)
(/usr/local/share/texmf-dist/tex/latex/natbib/natbib.sty
Package: natbib 2010/09/13 8.31b (PWD, AO)
\bibhang=\skip43
\bibsep=\skip44
LaTeX Info: Redefining \cite on input line 694.
\c@NAT@ctr=\count87
)
(/usr/local/share/texmf-dist/tex/latex/graphics/graphicx.sty
Package: graphicx 2014/10/28 v1.0g Enhanced LaTeX Graphics (DPC,SPQR)

(/usr/local/share/texmf-dist/tex/latex/graphics/keyval.sty
Package: keyval 2014/10/28 v1.15 key=value parser (DPC)
\KV@toks@=\toks14
)
(/usr/local/share/texmf-dist/tex/latex/graphics/graphics.sty
Package: graphics 2014/10/28 v1.0p Standard LaTeX Graphics (DPC,SPQR)

(/usr/local/share/texmf-dist/tex/latex/graphics/trig.sty
Package: trig 1999/03/16 v1.09 sin cos tan (DPC)
)
(/usr/local/share/texmf-dist/tex/latex/latexconfig/graphics.cfg
File: graphics.cfg 2010/04/23 v1.9 graphics configuration of TeX Live
)
Package graphics Info: Driver file: pdftex.def on input line 94.

(/usr/local/share/texmf-dist/tex/latex/pdftex-def/pdftex.def
File: pdftex.def 2011/05/27 v0.06d Graphics/color for pdfTeX

(/usr/local/share/texmf-dist/tex/generic/oberdiek/infwarerr.sty
Package: infwarerr 2010/04/08 v1.3 Providing info/warning/error messages (HO)
)
(/usr/local/share/texmf-dist/tex/generic/oberdiek/ltxcmds.sty
Package: ltxcmds 2011/11/09 v1.22 LaTeX kernel commands for general use (HO)
)
\Gread@gobject=\count88
))
\Gin@req@height=\dimen103
\Gin@req@width=\dimen104
)
(/usr/local/share/texmf-dist/tex/latex/amsmath/amsmath.sty
Package: amsmath 2013/01/14 v2.14 AMS math features
\@mathmargin=\skip45

For additional information on amsmath, use the `?' option.
(/usr/local/share/texmf-dist/tex/latex/amsmath/amstext.sty
Package: amstext 2000/06/29 v2.01

(/usr/local/share/texmf-dist/tex/latex/amsmath/amsgen.sty
File: amsgen.sty 1999/11/30 v2.0
\@emptytoks=\toks15
\ex@=\dimen105
))
(/usr/local/share/texmf-dist/tex/latex/amsmath/amsbsy.sty
Package: amsbsy 1999/11/29 v1.2d
\pmbraise@=\dimen106
)
(/usr/local/share/texmf-dist/tex/latex/amsmath/amsopn.sty
Package: amsopn 1999/12/14 v2.01 operator names
)
\inf@bad=\count89
LaTeX Info: Redefining \frac on input line 210.
\uproot@=\count90
\leftroot@=\count91
LaTeX Info: Redefining \overline on input line 306.
\classnum@=\count92
\DOTSCASE@=\count93
LaTeX Info: Redefining \ldots on input line 378.
LaTeX Info: Redefining \dots on input line 381.
LaTeX Info: Redefining \cdots on input line 466.
\Mathstrutbox@=\box26
\strutbox@=\box27
\big@size=\dimen107
LaTeX Font Info:    Redeclaring font encoding OML on input line 566.
LaTeX Font Info:    Redeclaring font encoding OMS on input line 567.
\macc@depth=\count94
\c@MaxMatrixCols=\count95
\dotsspace@=\muskip10
\c@parentequation=\count96
\dspbrk@lvl=\count97
\tag@help=\toks16
\row@=\count98
\column@=\count99
\maxfields@=\count100
\andhelp@=\toks17
\eqnshift@=\dimen108
\alignsep@=\dimen109
\tagshift@=\dimen110
\tagwidth@=\dimen111
\totwidth@=\dimen112
\lineht@=\dimen113
\@envbody=\toks18
\multlinegap=\skip46
\multlinetaggap=\skip47
\mathdisplay@stack=\toks19
LaTeX Info: Redefining \[ on input line 2665.
LaTeX Info: Redefining \] on input line 2666.
)
(/usr/local/share/texmf-dist/tex/latex/mathtools/mathtools.sty
Package: mathtools 2015/05/11 v1.16 mathematical typesetting tools

(/usr/local/share/texmf-dist/tex/latex/tools/calc.sty
Package: calc 2014/10/28 v4.3 Infix arithmetic (KKT,FJ)
\calc@Acount=\count101
\calc@Bcount=\count102
\calc@Adimen=\dimen114
\calc@Bdimen=\dimen115
\calc@Askip=\skip48
\calc@Bskip=\skip49
LaTeX Info: Redefining \setlength on input line 80.
LaTeX Info: Redefining \addtolength on input line 81.
\calc@Ccount=\count103
\calc@Cskip=\skip50
)
(/usr/local/share/texmf-dist/tex/latex/mathtools/mhsetup.sty
Package: mhsetup 2010/01/21 v1.2a programming setup (MH)
)
LaTeX Info: Thecontrolsequence`\('isalreadyrobust on input line 129.
LaTeX Info: Thecontrolsequence`\)'isalreadyrobust on input line 129.
LaTeX Info: Thecontrolsequence`\['isalreadyrobust on input line 129.
LaTeX Info: Thecontrolsequence`\]'isalreadyrobust on input line 129.
\g_MT_multlinerow_int=\count104
\l_MT_multwidth_dim=\dimen116
\origjot=\skip51
\l_MT_shortvdotswithinadjustabove_dim=\dimen117
\l_MT_shortvdotswithinadjustbelow_dim=\dimen118
\l_MT_above_intertext_sep=\dimen119
\l_MT_below_intertext_sep=\dimen120
\l_MT_above_shortintertext_sep=\dimen121
\l_MT_below_shortintertext_sep=\dimen122
)
(/usr/local/share/texmf-dist/tex/latex/pgfplots/pgfplots.sty
(/usr/local/share/texmf-dist/tex/generic/pgfplots/pgfplots.revision.tex)
Package: pgfplots 2015/05/02 v1.12.1 Data Visualization (1.12.1)

(/usr/local/share/texmf-dist/tex/latex/pgf/frontendlayer/tikz.sty
(/usr/local/share/texmf-dist/tex/latex/pgf/basiclayer/pgf.sty
(/usr/local/share/texmf-dist/tex/latex/pgf/utilities/pgfrcs.sty
(/usr/local/share/texmf-dist/tex/generic/pgf/utilities/pgfutil-common.tex
\pgfutil@everybye=\toks20
\pgfutil@tempdima=\dimen123
\pgfutil@tempdimb=\dimen124

(/usr/local/share/texmf-dist/tex/generic/pgf/utilities/pgfutil-common-lists.tex
)) (/usr/local/share/texmf-dist/tex/generic/pgf/utilities/pgfutil-latex.def
\pgfutil@abb=\box28

(/usr/local/share/texmf-dist/tex/latex/ms/everyshi.sty
Package: everyshi 2001/05/15 v3.00 EveryShipout Package (MS)
))
(/usr/local/share/texmf-dist/tex/generic/pgf/utilities/pgfrcs.code.tex
Package: pgfrcs 2013/12/20 v3.0.0 (rcs-revision 1.28)
))
Package: pgf 2013/12/18 v3.0.0 (rcs-revision 1.14)

(/usr/local/share/texmf-dist/tex/latex/pgf/basiclayer/pgfcore.sty
(/usr/local/share/texmf-dist/tex/latex/pgf/systemlayer/pgfsys.sty
(/usr/local/share/texmf-dist/tex/generic/pgf/systemlayer/pgfsys.code.tex
Package: pgfsys 2013/11/30 v3.0.0 (rcs-revision 1.47)

(/usr/local/share/texmf-dist/tex/generic/pgf/utilities/pgfkeys.code.tex
\pgfkeys@pathtoks=\toks21
\pgfkeys@temptoks=\toks22

(/usr/local/share/texmf-dist/tex/generic/pgf/utilities/pgfkeysfiltered.code.tex
\pgfkeys@tmptoks=\toks23
))
\pgf@x=\dimen125
\pgf@y=\dimen126
\pgf@xa=\dimen127
\pgf@ya=\dimen128
\pgf@xb=\dimen129
\pgf@yb=\dimen130
\pgf@xc=\dimen131
\pgf@yc=\dimen132
\w@pgf@writea=\write3
\r@pgf@reada=\read1
\c@pgf@counta=\count105
\c@pgf@countb=\count106
\c@pgf@countc=\count107
\c@pgf@countd=\count108
\t@pgf@toka=\toks24
\t@pgf@tokb=\toks25
\t@pgf@tokc=\toks26
 (/usr/local/share/texmf-dist/tex/generic/pgf/systemlayer/pgf.cfg
File: pgf.cfg 2008/05/14  (rcs-revision 1.7)
)
Driver file for pgf: pgfsys-pdftex.def

(/usr/local/share/texmf-dist/tex/generic/pgf/systemlayer/pgfsys-pdftex.def
File: pgfsys-pdftex.def 2013/07/18  (rcs-revision 1.33)

(/usr/local/share/texmf-dist/tex/generic/pgf/systemlayer/pgfsys-common-pdf.def
File: pgfsys-common-pdf.def 2013/10/10  (rcs-revision 1.13)
)))
(/usr/local/share/texmf-dist/tex/generic/pgf/systemlayer/pgfsyssoftpath.code.te
x
File: pgfsyssoftpath.code.tex 2013/09/09  (rcs-revision 1.9)
\pgfsyssoftpath@smallbuffer@items=\count109
\pgfsyssoftpath@bigbuffer@items=\count110
)
(/usr/local/share/texmf-dist/tex/generic/pgf/systemlayer/pgfsysprotocol.code.te
x
File: pgfsysprotocol.code.tex 2006/10/16  (rcs-revision 1.4)
)) (/usr/local/share/texmf-dist/tex/latex/xcolor/xcolor.sty
Package: xcolor 2007/01/21 v2.11 LaTeX color extensions (UK)

(/usr/local/share/texmf-dist/tex/latex/latexconfig/color.cfg
File: color.cfg 2007/01/18 v1.5 color configuration of teTeX/TeXLive
)
Package xcolor Info: Driver file: pdftex.def on input line 225.
Package xcolor Info: Model `cmy' substituted by `cmy0' on input line 1337.
Package xcolor Info: Model `hsb' substituted by `rgb' on input line 1341.
Package xcolor Info: Model `RGB' extended on input line 1353.
Package xcolor Info: Model `HTML' substituted by `rgb' on input line 1355.
Package xcolor Info: Model `Hsb' substituted by `hsb' on input line 1356.
Package xcolor Info: Model `tHsb' substituted by `hsb' on input line 1357.
Package xcolor Info: Model `HSB' substituted by `hsb' on input line 1358.
Package xcolor Info: Model `Gray' substituted by `gray' on input line 1359.
Package xcolor Info: Model `wave' substituted by `hsb' on input line 1360.
)
(/usr/local/share/texmf-dist/tex/generic/pgf/basiclayer/pgfcore.code.tex
Package: pgfcore 2010/04/11 v3.0.0 (rcs-revision 1.7)

(/usr/local/share/texmf-dist/tex/generic/pgf/math/pgfmath.code.tex
(/usr/local/share/texmf-dist/tex/generic/pgf/math/pgfmathcalc.code.tex
(/usr/local/share/texmf-dist/tex/generic/pgf/math/pgfmathutil.code.tex)
(/usr/local/share/texmf-dist/tex/generic/pgf/math/pgfmathparser.code.tex
\pgfmath@dimen=\dimen133
\pgfmath@count=\count111
\pgfmath@box=\box29
\pgfmath@toks=\toks27
\pgfmath@stack@operand=\toks28
\pgfmath@stack@operation=\toks29
)
(/usr/local/share/texmf-dist/tex/generic/pgf/math/pgfmathfunctions.code.tex
(/usr/local/share/texmf-dist/tex/generic/pgf/math/pgfmathfunctions.basic.code.t
ex)
(/usr/local/share/texmf-dist/tex/generic/pgf/math/pgfmathfunctions.trigonometri
c.code.tex)
(/usr/local/share/texmf-dist/tex/generic/pgf/math/pgfmathfunctions.random.code.
tex)
(/usr/local/share/texmf-dist/tex/generic/pgf/math/pgfmathfunctions.comparison.c
ode.tex)
(/usr/local/share/texmf-dist/tex/generic/pgf/math/pgfmathfunctions.base.code.te
x)
(/usr/local/share/texmf-dist/tex/generic/pgf/math/pgfmathfunctions.round.code.t
ex)
(/usr/local/share/texmf-dist/tex/generic/pgf/math/pgfmathfunctions.misc.code.te
x)
(/usr/local/share/texmf-dist/tex/generic/pgf/math/pgfmathfunctions.integerarith
metics.code.tex)))
(/usr/local/share/texmf-dist/tex/generic/pgf/math/pgfmathfloat.code.tex
\c@pgfmathroundto@lastzeros=\count112
))
(/usr/local/share/texmf-dist/tex/generic/pgf/basiclayer/pgfcorepoints.code.tex
File: pgfcorepoints.code.tex 2013/10/07  (rcs-revision 1.27)
\pgf@picminx=\dimen134
\pgf@picmaxx=\dimen135
\pgf@picminy=\dimen136
\pgf@picmaxy=\dimen137
\pgf@pathminx=\dimen138
\pgf@pathmaxx=\dimen139
\pgf@pathminy=\dimen140
\pgf@pathmaxy=\dimen141
\pgf@xx=\dimen142
\pgf@xy=\dimen143
\pgf@yx=\dimen144
\pgf@yy=\dimen145
\pgf@zx=\dimen146
\pgf@zy=\dimen147
)
(/usr/local/share/texmf-dist/tex/generic/pgf/basiclayer/pgfcorepathconstruct.co
de.tex
File: pgfcorepathconstruct.code.tex 2013/10/07  (rcs-revision 1.29)
\pgf@path@lastx=\dimen148
\pgf@path@lasty=\dimen149
)
(/usr/local/share/texmf-dist/tex/generic/pgf/basiclayer/pgfcorepathusage.code.t
ex
File: pgfcorepathusage.code.tex 2013/12/13  (rcs-revision 1.23)
\pgf@shorten@end@additional=\dimen150
\pgf@shorten@start@additional=\dimen151
)
(/usr/local/share/texmf-dist/tex/generic/pgf/basiclayer/pgfcorescopes.code.tex
File: pgfcorescopes.code.tex 2013/10/09  (rcs-revision 1.44)
\pgfpic=\box30
\pgf@hbox=\box31
\pgf@layerbox@main=\box32
\pgf@picture@serial@count=\count113
)
(/usr/local/share/texmf-dist/tex/generic/pgf/basiclayer/pgfcoregraphicstate.cod
e.tex
File: pgfcoregraphicstate.code.tex 2013/09/19  (rcs-revision 1.11)
\pgflinewidth=\dimen152
)
(/usr/local/share/texmf-dist/tex/generic/pgf/basiclayer/pgfcoretransformations.
code.tex
File: pgfcoretransformations.code.tex 2013/10/10  (rcs-revision 1.17)
\pgf@pt@x=\dimen153
\pgf@pt@y=\dimen154
\pgf@pt@temp=\dimen155
)
(/usr/local/share/texmf-dist/tex/generic/pgf/basiclayer/pgfcorequick.code.tex
File: pgfcorequick.code.tex 2008/10/09  (rcs-revision 1.3)
)
(/usr/local/share/texmf-dist/tex/generic/pgf/basiclayer/pgfcoreobjects.code.tex
File: pgfcoreobjects.code.tex 2006/10/11  (rcs-revision 1.2)
)
(/usr/local/share/texmf-dist/tex/generic/pgf/basiclayer/pgfcorepathprocessing.c
ode.tex
File: pgfcorepathprocessing.code.tex 2013/09/09  (rcs-revision 1.9)
)
(/usr/local/share/texmf-dist/tex/generic/pgf/basiclayer/pgfcorearrows.code.tex
File: pgfcorearrows.code.tex 2013/11/07  (rcs-revision 1.40)
\pgfarrowsep=\dimen156
) (/usr/local/share/texmf-dist/tex/generic/pgf/basiclayer/pgfcoreshade.code.tex
File: pgfcoreshade.code.tex 2013/07/15  (rcs-revision 1.15)
\pgf@max=\dimen157
\pgf@sys@shading@range@num=\count114
) (/usr/local/share/texmf-dist/tex/generic/pgf/basiclayer/pgfcoreimage.code.tex
File: pgfcoreimage.code.tex 2013/07/15  (rcs-revision 1.18)

(/usr/local/share/texmf-dist/tex/generic/pgf/basiclayer/pgfcoreexternal.code.te
x
File: pgfcoreexternal.code.tex 2013/07/15  (rcs-revision 1.20)
\pgfexternal@startupbox=\box33
))
(/usr/local/share/texmf-dist/tex/generic/pgf/basiclayer/pgfcorelayers.code.tex
File: pgfcorelayers.code.tex 2013/07/18  (rcs-revision 1.7)
)
(/usr/local/share/texmf-dist/tex/generic/pgf/basiclayer/pgfcoretransparency.cod
e.tex
File: pgfcoretransparency.code.tex 2013/09/30  (rcs-revision 1.5)
)
(/usr/local/share/texmf-dist/tex/generic/pgf/basiclayer/pgfcorepatterns.code.te
x
File: pgfcorepatterns.code.tex 2013/11/07  (rcs-revision 1.5)
)))
(/usr/local/share/texmf-dist/tex/generic/pgf/modules/pgfmoduleshapes.code.tex
File: pgfmoduleshapes.code.tex 2013/10/31  (rcs-revision 1.34)
\pgfnodeparttextbox=\box34
)
(/usr/local/share/texmf-dist/tex/generic/pgf/modules/pgfmoduleplot.code.tex
File: pgfmoduleplot.code.tex 2013/07/31  (rcs-revision 1.12)
)
(/usr/local/share/texmf-dist/tex/latex/pgf/compatibility/pgfcomp-version-0-65.s
ty
Package: pgfcomp-version-0-65 2007/07/03 v3.0.0 (rcs-revision 1.7)
\pgf@nodesepstart=\dimen158
\pgf@nodesepend=\dimen159
)
(/usr/local/share/texmf-dist/tex/latex/pgf/compatibility/pgfcomp-version-1-18.s
ty
Package: pgfcomp-version-1-18 2007/07/23 v3.0.0 (rcs-revision 1.1)
)) (/usr/local/share/texmf-dist/tex/latex/pgf/utilities/pgffor.sty
(/usr/local/share/texmf-dist/tex/latex/pgf/utilities/pgfkeys.sty
(/usr/local/share/texmf-dist/tex/generic/pgf/utilities/pgfkeys.code.tex))
(/usr/local/share/texmf-dist/tex/latex/pgf/math/pgfmath.sty
(/usr/local/share/texmf-dist/tex/generic/pgf/math/pgfmath.code.tex))
(/usr/local/share/texmf-dist/tex/generic/pgf/utilities/pgffor.code.tex
Package: pgffor 2013/12/13 v3.0.0 (rcs-revision 1.25)

(/usr/local/share/texmf-dist/tex/generic/pgf/math/pgfmath.code.tex)
\pgffor@iter=\dimen160
\pgffor@skip=\dimen161
\pgffor@stack=\toks30
\pgffor@toks=\toks31
))
(/usr/local/share/texmf-dist/tex/generic/pgf/frontendlayer/tikz/tikz.code.tex
Package: tikz 2013/12/13 v3.0.0 (rcs-revision 1.142)

(/usr/local/share/texmf-dist/tex/generic/pgf/libraries/pgflibraryplothandlers.c
ode.tex
File: pgflibraryplothandlers.code.tex 2013/08/31 v3.0.0 (rcs-revision 1.20)
\pgf@plot@mark@count=\count115
\pgfplotmarksize=\dimen162
)
\tikz@lastx=\dimen163
\tikz@lasty=\dimen164
\tikz@lastxsaved=\dimen165
\tikz@lastysaved=\dimen166
\tikzleveldistance=\dimen167
\tikzsiblingdistance=\dimen168
\tikz@figbox=\box35
\tikz@figbox@bg=\box36
\tikz@tempbox=\box37
\tikz@tempbox@bg=\box38
\tikztreelevel=\count116
\tikznumberofchildren=\count117
\tikznumberofcurrentchild=\count118
\tikz@fig@count=\count119

(/usr/local/share/texmf-dist/tex/generic/pgf/modules/pgfmodulematrix.code.tex
File: pgfmodulematrix.code.tex 2013/09/17  (rcs-revision 1.8)
\pgfmatrixcurrentrow=\count120
\pgfmatrixcurrentcolumn=\count121
\pgf@matrix@numberofcolumns=\count122
)
\tikz@expandcount=\count123

(/usr/local/share/texmf-dist/tex/generic/pgf/frontendlayer/tikz/libraries/tikzl
ibrarytopaths.code.tex
File: tikzlibrarytopaths.code.tex 2008/06/17 v3.0.0 (rcs-revision 1.2)
)))
(/usr/local/share/texmf-dist/tex/generic/pgfplots/pgfplots.code.tex
(/usr/local/share/texmf-dist/tex/generic/pgfplots/pgfplotscore.code.tex
\t@pgfplots@toka=\toks32
\t@pgfplots@tokb=\toks33
\t@pgfplots@tokc=\toks34
\pgfplots@tmpa=\dimen169
\c@pgfplots@coordindex=\count124
\c@pgfplots@scanlineindex=\count125

(/usr/local/share/texmf-dist/tex/generic/pgfplots/sys/pgfplotssysgeneric.code.t
ex))
(/usr/local/share/texmf-dist/tex/generic/pgfplots/libs/pgfplotslibrary.code.tex
)
(/usr/local/share/texmf-dist/tex/generic/pgfplots/oldpgfcompatib/pgfplotsoldpgf
supp_loader.code.tex
(/usr/local/share/texmf-dist/tex/generic/pgf/libraries/pgflibraryfpu.code.tex)
Package pgfplots: loading complementary arithmetics for your pgf version...

(/usr/local/share/texmf-dist/tex/generic/pgfplots/oldpgfcompatib/pgfplotsoldpgf
supp_pgflibraryfpu.code.tex)
(/usr/local/share/texmf-dist/tex/generic/pgfplots/oldpgfcompatib/pgfplotsoldpgf
supp_pgfmathfloat.code.tex
\c@pgfmathroundto@lastzeros=\count126
)
(/usr/local/share/texmf-dist/tex/generic/pgfplots/oldpgfcompatib/pgfplotsoldpgf
supp_trig_format.code.tex))
(/usr/local/share/texmf-dist/tex/generic/pgfplots/util/pgfplotsutil.code.tex
(/usr/local/share/texmf-dist/tex/generic/pgfplots/liststructure/pgfplotsliststr
ucture.code.tex)
(/usr/local/share/texmf-dist/tex/generic/pgfplots/liststructure/pgfplotsliststr
uctureext.code.tex)
(/usr/local/share/texmf-dist/tex/generic/pgfplots/liststructure/pgfplotsarray.c
ode.tex
\c@pgfplotsarray@tmp=\count127
)
(/usr/local/share/texmf-dist/tex/generic/pgfplots/liststructure/pgfplotsmatrix.
code.tex)
(/usr/local/share/texmf-dist/tex/generic/pgfplots/numtable/pgfplotstableshared.
code.tex
\c@pgfplotstable@counta=\count128
\t@pgfplotstable@a=\toks35
)
(/usr/local/share/texmf-dist/tex/generic/pgfplots/liststructure/pgfplotsdeque.c
ode.tex)
(/usr/local/share/texmf-dist/tex/generic/pgfplots/util/pgfplotsbinary.code.tex
(/usr/local/share/texmf-dist/tex/generic/pgfplots/util/pgfplotsbinary.data.code
.tex))
(/usr/local/share/texmf-dist/tex/generic/pgfplots/util/pgfplotsutil.verb.code.t
ex)
(/usr/local/share/texmf-dist/tex/generic/pgfplots/libs/pgflibrarypgfplots.surfs
hading.code.tex
\c@pgfplotslibrarysurf@no=\count129

(/usr/local/share/texmf-dist/tex/generic/pgfplots/sys/pgflibrarypgfplots.surfsh
ading.pgfsys-pdftex.def)))
(/usr/local/share/texmf-dist/tex/generic/pgfplots/util/pgfplotscolormap.code.te
x (/usr/local/share/texmf-dist/tex/generic/pgfplots/util/pgfplotscolor.code.tex
))
(/usr/local/share/texmf-dist/tex/generic/pgfplots/pgfplotsstackedplots.code.tex
)
(/usr/local/share/texmf-dist/tex/generic/pgfplots/pgfplotsplothandlers.code.tex

(/usr/local/share/texmf-dist/tex/generic/pgfplots/pgfplotsmeshplothandler.code.
tex))
(/usr/local/share/texmf-dist/tex/generic/pgfplots/pgfplots.scaling.code.tex)
(/usr/local/share/texmf-dist/tex/generic/pgfplots/pgfplotscoordprocessing.code.
tex)
(/usr/local/share/texmf-dist/tex/generic/pgfplots/pgfplots.errorbars.code.tex)
(/usr/local/share/texmf-dist/tex/generic/pgfplots/pgfplots.markers.code.tex)
(/usr/local/share/texmf-dist/tex/generic/pgfplots/pgfplotsticks.code.tex)
(/usr/local/share/texmf-dist/tex/generic/pgfplots/pgfplots.paths.code.tex)
(/usr/local/share/texmf-dist/tex/generic/pgf/frontendlayer/tikz/libraries/tikzl
ibrarydecorations.code.tex
(/usr/local/share/texmf-dist/tex/generic/pgf/modules/pgfmoduledecorations.code.
tex
\pgfdecoratedcompleteddistance=\dimen170
\pgfdecoratedremainingdistance=\dimen171
\pgfdecoratedinputsegmentcompleteddistance=\dimen172
\pgfdecoratedinputsegmentremainingdistance=\dimen173
\pgf@decorate@distancetomove=\dimen174
\pgf@decorate@repeatstate=\count130
\pgfdecorationsegmentamplitude=\dimen175
\pgfdecorationsegmentlength=\dimen176
)
\tikz@lib@dec@box=\box39
)
(/usr/local/share/texmf-dist/tex/generic/pgf/frontendlayer/tikz/libraries/tikzl
ibrarydecorations.pathmorphing.code.tex
(/usr/local/share/texmf-dist/tex/generic/pgf/libraries/decorations/pgflibraryde
corations.pathmorphing.code.tex))
(/usr/local/share/texmf-dist/tex/generic/pgf/frontendlayer/tikz/libraries/tikzl
ibrarydecorations.pathreplacing.code.tex
(/usr/local/share/texmf-dist/tex/generic/pgf/libraries/decorations/pgflibraryde
corations.pathreplacing.code.tex))
\pgfplots@numplots=\count131
\pgfplots@xmin@reg=\dimen177
\pgfplots@xmax@reg=\dimen178
\pgfplots@ymin@reg=\dimen179
\pgfplots@ymax@reg=\dimen180
\pgfplots@zmin@reg=\dimen181
\pgfplots@zmax@reg=\dimen182
)
(/usr/local/share/texmf-dist/tex/generic/pgf/frontendlayer/tikz/libraries/tikzl
ibraryplotmarks.code.tex
File: tikzlibraryplotmarks.code.tex 2008/01/09 v3.0.0 (rcs-revision 1.1)

(/usr/local/share/texmf-dist/tex/generic/pgf/libraries/pgflibraryplotmarks.code
.tex
File: pgflibraryplotmarks.code.tex 2013/07/20 v3.0.0 (rcs-revision 1.13)
))) (/usr/local/share/texmf-dist/tex/latex/lipsum/lipsum.sty
Package: lipsum 2014/07/27 v1.3 150 paragraphs of Lorem Ipsum dummy text
\c@lips@count=\count132
)
(/usr/local/share/texmf-dist/tex/latex/multirow/multirow.sty
\bigstrutjot=\dimen183
)
(/usr/local/share/texmf-dist/tex/latex/multirow/bigdelim.sty)
(/usr/local/share/texmf-dist/tex/latex/hyperref/hyperref.sty
Package: hyperref 2012/11/06 v6.83m Hypertext links for LaTeX

(/usr/local/share/texmf-dist/tex/generic/oberdiek/hobsub-hyperref.sty
Package: hobsub-hyperref 2012/05/28 v1.13 Bundle oberdiek, subset hyperref (HO)


(/usr/local/share/texmf-dist/tex/generic/oberdiek/hobsub-generic.sty
Package: hobsub-generic 2012/05/28 v1.13 Bundle oberdiek, subset generic (HO)
Package: hobsub 2012/05/28 v1.13 Construct package bundles (HO)
Package hobsub Info: Skipping package `infwarerr' (already loaded).
Package hobsub Info: Skipping package `ltxcmds' (already loaded).
Package: ifluatex 2010/03/01 v1.3 Provides the ifluatex switch (HO)
Package ifluatex Info: LuaTeX not detected.
Package: ifvtex 2010/03/01 v1.5 Detect VTeX and its facilities (HO)
Package ifvtex Info: VTeX not detected.
Package: intcalc 2007/09/27 v1.1 Expandable calculations with integers (HO)
Package: ifpdf 2011/01/30 v2.3 Provides the ifpdf switch (HO)
Package ifpdf Info: pdfTeX in PDF mode is detected.
Package: etexcmds 2011/02/16 v1.5 Avoid name clashes with e-TeX commands (HO)
Package etexcmds Info: Could not find \expanded.
(etexcmds)             That can mean that you are not using pdfTeX 1.50 or
(etexcmds)             that some package has redefined \expanded.
(etexcmds)             In the latter case, load this package earlier.
Package: kvsetkeys 2012/04/25 v1.16 Key value parser (HO)
Package: kvdefinekeys 2011/04/07 v1.3 Define keys (HO)
Package: pdftexcmds 2011/11/29 v0.20 Utility functions of pdfTeX for LuaTeX (HO
)
Package pdftexcmds Info: LuaTeX not detected.
Package pdftexcmds Info: \pdf@primitive is available.
Package pdftexcmds Info: \pdf@ifprimitive is available.
Package pdftexcmds Info: \pdfdraftmode found.
Package: pdfescape 2011/11/25 v1.13 Implements pdfTeX's escape features (HO)
Package: bigintcalc 2012/04/08 v1.3 Expandable calculations on big integers (HO
)
Package: bitset 2011/01/30 v1.1 Handle bit-vector datatype (HO)
Package: uniquecounter 2011/01/30 v1.2 Provide unlimited unique counter (HO)
)
Package hobsub Info: Skipping package `hobsub' (already loaded).
Package: letltxmacro 2010/09/02 v1.4 Let assignment for LaTeX macros (HO)
Package: hopatch 2012/05/28 v1.2 Wrapper for package hooks (HO)
Package: xcolor-patch 2011/01/30 xcolor patch
Package: atveryend 2011/06/30 v1.8 Hooks at the very end of document (HO)
Package atveryend Info: \enddocument detected (standard20110627).
Package: atbegshi 2011/10/05 v1.16 At begin shipout hook (HO)
Package: refcount 2011/10/16 v3.4 Data extraction from label references (HO)
Package: hycolor 2011/01/30 v1.7 Color options for hyperref/bookmark (HO)
)
(/usr/local/share/texmf-dist/tex/generic/ifxetex/ifxetex.sty
Package: ifxetex 2010/09/12 v0.6 Provides ifxetex conditional
)
(/usr/local/share/texmf-dist/tex/latex/oberdiek/auxhook.sty
Package: auxhook 2011/03/04 v1.3 Hooks for auxiliary files (HO)
)
(/usr/local/share/texmf-dist/tex/latex/oberdiek/kvoptions.sty
Package: kvoptions 2011/06/30 v3.11 Key value format for package options (HO)
)
\@linkdim=\dimen184
\Hy@linkcounter=\count133
\Hy@pagecounter=\count134

(/usr/local/share/texmf-dist/tex/latex/hyperref/pd1enc.def
File: pd1enc.def 2012/11/06 v6.83m Hyperref: PDFDocEncoding definition (HO)
)
\Hy@SavedSpaceFactor=\count135

(/usr/local/share/texmf-dist/tex/latex/latexconfig/hyperref.cfg
File: hyperref.cfg 2002/06/06 v1.2 hyperref configuration of TeXLive
)
Package hyperref Info: Hyper figures OFF on input line 4443.
Package hyperref Info: Link nesting OFF on input line 4448.
Package hyperref Info: Hyper index ON on input line 4451.
Package hyperref Info: Plain pages OFF on input line 4458.
Package hyperref Info: Backreferencing OFF on input line 4463.
Package hyperref Info: Implicit mode ON; LaTeX internals redefined.
Package hyperref Info: Bookmarks ON on input line 4688.
\c@Hy@tempcnt=\count136

(/usr/local/share/texmf-dist/tex/latex/url/url.sty
\Urlmuskip=\muskip11
Package: url 2013/09/16  ver 3.4  Verb mode for urls, etc.
)
LaTeX Info: Redefining \url on input line 5041.
\XeTeXLinkMargin=\dimen185
\Fld@menulength=\count137
\Field@Width=\dimen186
\Fld@charsize=\dimen187
Package hyperref Info: Hyper figures OFF on input line 6295.
Package hyperref Info: Link nesting OFF on input line 6300.
Package hyperref Info: Hyper index ON on input line 6303.
Package hyperref Info: backreferencing OFF on input line 6310.
Package hyperref Info: Link coloring OFF on input line 6315.
Package hyperref Info: Link coloring with OCG OFF on input line 6320.
Package hyperref Info: PDF/A mode OFF on input line 6325.
LaTeX Info: Redefining \ref on input line 6365.
LaTeX Info: Redefining \pageref on input line 6369.
\Hy@abspage=\count138
\c@Item=\count139
\c@Hfootnote=\count140
)

Package hyperref Message: Driver (autodetected): hpdftex.

(/usr/local/share/texmf-dist/tex/latex/hyperref/hpdftex.def
File: hpdftex.def 2012/11/06 v6.83m Hyperref driver for pdfTeX
\Fld@listcount=\count141
\c@bookmark@seq@number=\count142

(/usr/local/share/texmf-dist/tex/latex/oberdiek/rerunfilecheck.sty
Package: rerunfilecheck 2011/04/15 v1.7 Rerun checks for auxiliary files (HO)
Package uniquecounter Info: New unique counter `rerunfilecheck' on input line 2
82.
)
\Hy@SectionHShift=\skip52
)
(/usr/local/share/texmf-dist/tex/latex/psnfss/courier.sty
Package: courier 2005/04/12 PSNFSS-v9.2a (WaS) 
)
(/usr/local/share/texmf-dist/tex/latex/base/latexsym.sty
Package: latexsym 1998/08/17 v2.2e Standard LaTeX package (lasy symbols)
\symlasy=\mathgroup4
LaTeX Font Info:    Overwriting symbol font `lasy' in version `bold'
(Font)                  U/lasy/m/n --> U/lasy/b/n on input line 52.
)
(/usr/local/share/texmf-dist/tex/latex/amsfonts/amssymb.sty
Package: amssymb 2013/01/14 v3.01 AMS font symbols

(/usr/local/share/texmf-dist/tex/latex/amsfonts/amsfonts.sty
Package: amsfonts 2013/01/14 v3.01 Basic AMSFonts support
\symAMSa=\mathgroup5
\symAMSb=\mathgroup6
LaTeX Font Info:    Overwriting math alphabet `\mathfrak' in version `bold'
(Font)                  U/euf/m/n --> U/euf/b/n on input line 106.
))
(/usr/local/share/texmf-dist/tex/latex/tools/longtable.sty
Package: longtable 2014/10/28 v4.11 Multi-page Table package (DPC)
\LTleft=\skip53
\LTright=\skip54
\LTpre=\skip55
\LTpost=\skip56
\LTchunksize=\count143
\LTcapwidth=\dimen188
\LT@head=\box40
\LT@firsthead=\box41
\LT@foot=\box42
\LT@lastfoot=\box43
\LT@cols=\count144
\LT@rows=\count145
\c@LT@tables=\count146
\c@LT@chunks=\count147
\LT@p@ftn=\toks36
)
(/usr/local/share/texmf-dist/tex/latex/preprint/authblk.sty
Package: authblk 2001/02/27 1.3 (PWD)
\affilsep=\skip57
\@affilsep=\skip58
\c@Maxaffil=\count148
\c@authors=\count149
\c@affil=\count150
)
(/usr/local/share/texmf-dist/tex/latex/threeparttable/threeparttable.sty
Package: threeparttable 2003/06/13  v 3.0
\@tempboxb=\box44
)
(/usr/local/share/texmf-dist/tex/latex/booktabs/booktabs.sty
Package: booktabs 2005/04/14 v1.61803 publication quality tables
\heavyrulewidth=\dimen189
\lightrulewidth=\dimen190
\cmidrulewidth=\dimen191
\belowrulesep=\dimen192
\belowbottomsep=\dimen193
\aboverulesep=\dimen194
\abovetopsep=\dimen195
\cmidrulesep=\dimen196
\cmidrulekern=\dimen197
\defaultaddspace=\dimen198
\@cmidla=\count151
\@cmidlb=\count152
\@aboverulesep=\dimen199
\@belowrulesep=\dimen200
\@thisruleclass=\count153
\@lastruleclass=\count154
\@thisrulewidth=\dimen201
)
(/usr/local/share/texmf-dist/tex/latex/caption/caption.sty
Package: caption 2013/05/02 v3.3-89 Customizing captions (AR)

(/usr/local/share/texmf-dist/tex/latex/caption/caption3.sty
Package: caption3 2013/05/02 v1.6-88 caption3 kernel (AR)
Package caption3 Info: TeX engine: e-TeX on input line 57.
\captionmargin=\dimen202
\captionmargin@=\dimen203
\captionwidth=\dimen204
\caption@tempdima=\dimen205
\caption@indent=\dimen206
\caption@parindent=\dimen207
\caption@hangindent=\dimen208
)
\c@ContinuedFloat=\count155
Package caption Info: hyperref package is loaded.
Package caption Info: longtable package is loaded.

(/usr/local/share/texmf-dist/tex/latex/caption/ltcaption.sty
Package: ltcaption 2013/02/03 v1.3-62 longtable captions (AR)
)
Package caption Info: threeparttable package is loaded.
)
(/usr/local/share/texmf-dist/tex/latex/geometry/geometry.sty
Package: geometry 2010/09/12 v5.6 Page Geometry
\Gm@cnth=\count156
\Gm@cntv=\count157
\c@Gm@tempcnt=\count158
\Gm@bindingoffset=\dimen209
\Gm@wd@mp=\dimen210
\Gm@odd@mp=\dimen211
\Gm@even@mp=\dimen212
\Gm@layoutwidth=\dimen213
\Gm@layoutheight=\dimen214
\Gm@layouthoffset=\dimen215
\Gm@layoutvoffset=\dimen216
\Gm@dimlist=\toks37
)
(/usr/local/share/texmf-dist/tex/generic/dvips/rotate.sty
\@rotdimen=\dimen217
\@rotbox=\box45
)
(/usr/local/share/texmf-dist/tex/latex/rotating/rotating.sty
Package: rotating 2009/03/28 v2.16a rotated objects in LaTeX

(/usr/local/share/texmf-dist/tex/latex/base/ifthen.sty
Package: ifthen 2014/09/29 v1.1c Standard LaTeX ifthen package (DPC)
)
\c@r@tfl@t=\count159
\rotFPtop=\skip59
\rotFPbot=\skip60
\rot@float@box=\box46
\rot@mess@toks=\toks38
)
(/usr/local/share/texmf-dist/tex/latex/oberdiek/pdflscape.sty
Package: pdflscape 2008/08/11 v0.10 Display of landscape pages in PDF (HO)

(/usr/local/share/texmf-dist/tex/latex/graphics/lscape.sty
Package: lscape 2000/10/22 v3.01 Landscape Pages (DPC)
)
Package pdflscape Info: Auto-detected driver: pdftex on input line 80.
) (./metropsf.aux)
\openout1 = `metropsf.aux'.

LaTeX Font Info:    Checking defaults for OML/cmm/m/it on input line 86.
LaTeX Font Info:    ... okay on input line 86.
LaTeX Font Info:    Checking defaults for T1/cmr/m/n on input line 86.
LaTeX Font Info:    ... okay on input line 86.
LaTeX Font Info:    Checking defaults for OT1/cmr/m/n on input line 86.
LaTeX Font Info:    ... okay on input line 86.
LaTeX Font Info:    Checking defaults for OMS/cmsy/m/n on input line 86.
LaTeX Font Info:    ... okay on input line 86.
LaTeX Font Info:    Checking defaults for OMX/cmex/m/n on input line 86.
LaTeX Font Info:    ... okay on input line 86.
LaTeX Font Info:    Checking defaults for U/cmr/m/n on input line 86.
LaTeX Font Info:    ... okay on input line 86.
LaTeX Font Info:    Checking defaults for PD1/pdf/m/n on input line 86.
LaTeX Font Info:    ... okay on input line 86.

(/usr/local/share/texmf-dist/tex/context/base/supp-pdf.mkii
[Loading MPS to PDF converter (version 2006.09.02).]
\scratchcounter=\count160
\scratchdimen=\dimen218
\scratchbox=\box47
\nofMPsegments=\count161
\nofMParguments=\count162
\everyMPshowfont=\toks39
\MPscratchCnt=\count163
\MPscratchDim=\dimen219
\MPnumerator=\count164
\makeMPintoPDFobject=\count165
\everyMPtoPDFconversion=\toks40
) (/usr/local/share/texmf-dist/tex/latex/oberdiek/epstopdf-base.sty
Package: epstopdf-base 2010/02/09 v2.5 Base part for package epstopdf

(/usr/local/share/texmf-dist/tex/latex/oberdiek/grfext.sty
Package: grfext 2010/08/19 v1.1 Manage graphics extensions (HO)
)
Package grfext Info: Graphics extension search list:
(grfext)             [.png,.pdf,.jpg,.mps,.jpeg,.jbig2,.jb2,.PNG,.PDF,.JPG,.JPE
G,.JBIG2,.JB2,.eps]
(grfext)             \AppendGraphicsExtensions on input line 452.

(/usr/local/share/texmf-dist/tex/latex/latexconfig/epstopdf-sys.cfg
File: epstopdf-sys.cfg 2010/07/13 v1.3 Configuration of (r)epstopdf for TeX Liv
e
))
ABD: EveryShipout initializing macros

Package pgfplots Warning: running in backwards compatibility mode (unsuitable t
ick labels; missing features). Consider writing \pgfplotsset{compat=1.12} into 
your preamble.
 on input line 86.

\AtBeginShipoutBox=\box48
Package hyperref Info: Link coloring OFF on input line 86.
(/usr/local/share/texmf-dist/tex/latex/hyperref/nameref.sty
Package: nameref 2012/10/27 v2.43 Cross-referencing by name of section

(/usr/local/share/texmf-dist/tex/generic/oberdiek/gettitlestring.sty
Package: gettitlestring 2010/12/03 v1.4 Cleanup title references (HO)
)
\c@section@level=\count166
)
LaTeX Info: Redefining \ref on input line 86.
LaTeX Info: Redefining \pageref on input line 86.
LaTeX Info: Redefining \nameref on input line 86.

(./metropsf.out) (./metropsf.out)
\@outlinefile=\write4
\openout4 = `metropsf.out'.

Package caption Info: Begin \AtBeginDocument code.
Package caption Info: rotating package is loaded.
Package caption Info: End \AtBeginDocument code.

*geometry* driver: auto-detecting
*geometry* detected driver: pdftex
*geometry* verbose mode - [ preamble ] result:
* driver: pdftex
* paper: a4paper
* layout: <same size as paper>
* layoutoffset:(h,v)=(0.0pt,0.0pt)
* modes: 
* h-part:(L,W,R)=(89.62709pt, 418.25368pt, 89.6271pt)
* v-part:(T,H,B)=(101.40665pt, 591.5302pt, 152.11pt)
* \paperwidth=597.50787pt
* \paperheight=845.04684pt
* \textwidth=418.25368pt
* \textheight=591.5302pt
* \oddsidemargin=17.3571pt
* \evensidemargin=17.3571pt
* \topmargin=-7.86334pt
* \headheight=12.0pt
* \headsep=25.0pt
* \topskip=10.0pt
* \footskip=30.0pt
* \marginparwidth=65.0pt
* \marginparsep=11.0pt
* \columnsep=10.0pt
* \skip\footins=9.0pt plus 4.0pt minus 2.0pt
* \hoffset=0.0pt
* \voffset=0.0pt
* \mag=1000
* \@twocolumnfalse
* \@twosidefalse
* \@mparswitchfalse
* \@reversemarginfalse
* (1in=72.27pt=25.4mm, 1cm=28.453pt)

(./metropsf.toc
LaTeX Font Info:    Try loading font information for U+lasy on input line 5.
 (/usr/local/share/texmf-dist/tex/latex/base/ulasy.fd
File: ulasy.fd 1998/08/17 v2.2e LaTeX symbol font definitions
)
LaTeX Font Info:    Try loading font information for U+msa on input line 5.

(/usr/local/share/texmf-dist/tex/latex/amsfonts/umsa.fd
File: umsa.fd 2013/01/14 v3.01 AMS symbols A
)
LaTeX Font Info:    Try loading font information for U+msb on input line 5.

(/usr/local/share/texmf-dist/tex/latex/amsfonts/umsb.fd
File: umsb.fd 2013/01/14 v3.01 AMS symbols B
) [1

{/usr/local/share/texmf-dist/fonts/map/pdftex/updmap/pdftex.map}])
\tf@toc=\write5
\openout5 = `metropsf.toc'.

LaTeX Font Info:    Try loading font information for OT1+pcr on input line 103.


(/usr/local/share/texmf-dist/tex/latex/psnfss/ot1pcr.fd
File: ot1pcr.fd 2001/06/04 font definitions for OT1/pcr.
) [2]
LaTeX Font Info:    Try loading font information for OMS+cmr on input line 125.


(/usr/local/share/texmf-dist/tex/latex/base/omscmr.fd
File: omscmr.fd 2014/09/29 v2.5h Standard LaTeX font definitions
)
LaTeX Font Info:    Font shape `OMS/cmr/m/n' in size <10> not available
(Font)              Font shape `OMS/cmsy/m/n' tried instead on input line 125.
 [3] [4] [5] [6] [7]
[8] [9]
Overfull \hbox (7.74632pt too wide) in paragraph at lines 297--297
[]\OT1/pcr/m/n/10 "calibrated-T11-blackhaz-CG Dra-20210516-010321-V-BIN1-E-300-
012.fit" \[] 
 []

[10] [11] (./metropsf.bbl [12]
Underfull \hbox (badness 7796) in paragraph at lines 49--51
[]\OT1/cmr/m/n/10 Bradley, L., Sip}ocz, B., Ro-bitaille, T., et al. 2020, as-tr
opy/photutils: 1.0.0,
 []

) [13]
Package atveryend Info: Empty hook `BeforeClearDocument' on input line 387.
Package atveryend Info: Empty hook `AfterLastShipout' on input line 387.
 (./metropsf.aux)
Package atveryend Info: Executing hook `AtVeryEndDocument' on input line 387.
Package atveryend Info: Executing hook `AtEndAfterFileList' on input line 387.
Package rerunfilecheck Info: File `metropsf.out' has not changed.
(rerunfilecheck)             Checksum: D59346935E77A7326E38E66485417D3B;3018.
Package atveryend Info: Empty hook `AtVeryVeryEnd' on input line 387.
 ) 
Here is how much of TeX's memory you used:
 27819 strings out of 493093
 640510 string characters out of 6138120
 907064 words of memory out of 5000000
 30706 multiletter control sequences out of 15000+600000
 12117 words of font info for 50 fonts, out of 8000000 for 9000
 1141 hyphenation exceptions out of 8191
 62i,8n,77p,5612b,609s stack positions out of 5000i,2500n,10000p,300000b,80000s
{/usr/local/share/texmf-dist/fonts/enc/dvips/base/8r.enc}</usr/local/share/te
xmf-dist/fonts/type1/public/amsfonts/cm/cmbx10.pfb></usr/local/share/texmf-dist
/fonts/type1/public/amsfonts/cm/cmbx12.pfb></usr/local/share/texmf-dist/fonts/t
ype1/public/amsfonts/cm/cmcsc10.pfb></usr/local/share/texmf-dist/fonts/type1/pu
blic/amsfonts/cm/cmex10.pfb></usr/local/share/texmf-dist/fonts/type1/public/ams
fonts/cm/cmmi10.pfb></usr/local/share/texmf-dist/fonts/type1/public/amsfonts/cm
/cmmi7.pfb></usr/local/share/texmf-dist/fonts/type1/public/amsfonts/cm/cmr10.pf
b></usr/local/share/texmf-dist/fonts/type1/public/amsfonts/cm/cmr12.pfb></usr/l
ocal/share/texmf-dist/fonts/type1/public/amsfonts/cm/cmr17.pfb></usr/local/shar
e/texmf-dist/fonts/type1/public/amsfonts/cm/cmr6.pfb></usr/local/share/texmf-di
st/fonts/type1/public/amsfonts/cm/cmr7.pfb></usr/local/share/texmf-dist/fonts/t
ype1/public/amsfonts/cm/cmr8.pfb></usr/local/share/texmf-dist/fonts/type1/publi
c/amsfonts/cm/cmsy10.pfb></usr/local/share/texmf-dist/fonts/type1/public/amsfon
ts/cm/cmsy7.pfb></usr/local/share/texmf-dist/fonts/type1/urw/courier/ucrr8a.pfb
>
Output written on metropsf.pdf (13 pages, 224187 bytes).
PDF statistics:
 457 PDF objects out of 1000 (max. 8388607)
 422 compressed objects within 5 object streams
 103 named destinations out of 1000 (max. 500000)
 349 words of extra memory for PDF output out of 10000 (max. 10000000)

